[debug] [2023-06-10T16:50:49.056Z] ----------------------------------------------------------------------
[debug] [2023-06-10T16:50:49.060Z] Command:       C:\Program Files\nodejs\node.exe C:\Users\User\AppData\Roaming\npm\node_modules\firebase-tools\lib\bin\firebase.js emulators:start
[debug] [2023-06-10T16:50:49.061Z] CLI Version:   12.3.1
[debug] [2023-06-10T16:50:49.061Z] Platform:      win32
[debug] [2023-06-10T16:50:49.062Z] Node Version:  v18.15.0
[debug] [2023-06-10T16:50:49.064Z] Time:          Sat Jun 10 2023 19:50:49 GMT+0300 (East Africa Time)
[debug] [2023-06-10T16:50:49.064Z] ----------------------------------------------------------------------
[debug] 
[debug] [2023-06-10T16:50:49.423Z] > command requires scopes: ["email","openid","https://www.googleapis.com/auth/cloudplatformprojects.readonly","https://www.googleapis.com/auth/firebase","https://www.googleapis.com/auth/cloud-platform"]
[debug] [2023-06-10T16:50:49.424Z] > authorizing via signed-in user (gertrudephiona@gmail.com)
[info] i  emulators: Starting emulators: functions {"metadata":{"emulator":{"name":"hub"},"message":"Starting emulators: functions"}}
[debug] [2023-06-10T16:50:49.459Z] [logging] Logging Emulator only supports listening on one address (127.0.0.1). Not listening on ::1
[debug] [2023-06-10T16:50:49.460Z] assigned listening specs for emulators {"user":{"hub":[{"address":"127.0.0.1","family":"IPv4","port":4400},{"address":"::1","family":"IPv6","port":4400}],"ui":[{"address":"127.0.0.1","family":"IPv4","port":4000},{"address":"::1","family":"IPv6","port":4000}],"logging":[{"address":"127.0.0.1","family":"IPv4","port":4500}]},"metadata":{"message":"assigned listening specs for emulators"}}
[debug] [2023-06-10T16:50:49.591Z] [hub] writing locator at C:\Users\User\AppData\Local\Temp\hub-e-commercesite-12cac.json
[debug] [2023-06-10T16:50:49.692Z] [functions] Functions Emulator only supports listening on one address (127.0.0.1). Not listening on ::1
[debug] [2023-06-10T16:50:49.693Z] [eventarc] Eventarc Emulator only supports listening on one address (127.0.0.1). Not listening on ::1
[debug] [2023-06-10T16:50:49.693Z] late-assigned ports for functions and eventarc emulators {"user":{"hub":[{"address":"127.0.0.1","family":"IPv4","port":4400},{"address":"::1","family":"IPv6","port":4400}],"ui":[{"address":"127.0.0.1","family":"IPv4","port":4000},{"address":"::1","family":"IPv6","port":4000}],"logging":[{"address":"127.0.0.1","family":"IPv4","port":4500}],"functions":[{"address":"127.0.0.1","family":"IPv4","port":5001}],"eventarc":[{"address":"127.0.0.1","family":"IPv4","port":9299}]},"metadata":{"message":"late-assigned ports for functions and eventarc emulators"}}
[warn] !  functions: The following emulators are not running, calls to these services from the Functions emulator will affect production: auth, firestore, database, hosting, pubsub, storage {"metadata":{"emulator":{"name":"functions"},"message":"The following emulators are not running, calls to these services from the Functions emulator will affect production: \u001b[1mauth, firestore, database, hosting, pubsub, storage\u001b[22m"}}
[debug] [2023-06-10T16:50:49.728Z] defaultcredentials: writing to file C:\Users\User\AppData\Roaming\firebase\gertrudephiona_gmail_com_application_default_credentials.json
[debug] [2023-06-10T16:50:49.793Z] Setting GAC to C:\Users\User\AppData\Roaming\firebase\gertrudephiona_gmail_com_application_default_credentials.json {"metadata":{"emulator":{"name":"functions"},"message":"Setting GAC to C:\\Users\\User\\AppData\\Roaming\\firebase\\gertrudephiona_gmail_com_application_default_credentials.json"}}
[debug] [2023-06-10T16:50:49.797Z] >>> [apiv2][query] GET https://firebase.googleapis.com/v1beta1/projects/e-commercesite-12cac/adminSdkConfig [none]
[debug] [2023-06-10T16:50:51.206Z] <<< [apiv2][status] GET https://firebase.googleapis.com/v1beta1/projects/e-commercesite-12cac/adminSdkConfig 200
[debug] [2023-06-10T16:50:51.207Z] <<< [apiv2][body] GET https://firebase.googleapis.com/v1beta1/projects/e-commercesite-12cac/adminSdkConfig {"projectId":"e-commercesite-12cac","storageBucket":"e-commercesite-12cac.appspot.com"}
[debug] [2023-06-10T16:50:51.396Z] Ignoring unsupported arg: auto_download {"metadata":{"emulator":{"name":"ui"},"message":"Ignoring unsupported arg: auto_download"}}
[debug] [2023-06-10T16:50:51.397Z] Ignoring unsupported arg: port {"metadata":{"emulator":{"name":"ui"},"message":"Ignoring unsupported arg: port"}}
[debug] [2023-06-10T16:50:51.397Z] Starting Emulator UI with command {"binary":"node","args":["C:\\Users\\User\\.cache\\firebase\\emulators\\ui-v1.11.6\\server\\server.js"],"optionalArgs":[],"joinArgs":false} {"metadata":{"emulator":{"name":"ui"},"message":"Starting Emulator UI with command {\"binary\":\"node\",\"args\":[\"C:\\\\Users\\\\User\\\\.cache\\\\firebase\\\\emulators\\\\ui-v1.11.6\\\\server\\\\server.js\"],\"optionalArgs\":[],\"joinArgs\":false}"}}
[info] i  ui: Emulator UI logging to ui-debug.log {"metadata":{"emulator":{"name":"ui"},"message":"Emulator UI logging to \u001b[1mui-debug.log\u001b[22m"}}
[debug] [2023-06-10T16:50:51.924Z] Web / API server started at 127.0.0.1:4000
 {"metadata":{"emulator":{"name":"ui"},"message":"Web / API server started at 127.0.0.1:4000\n"}}
[debug] [2023-06-10T16:50:51.924Z] Web / API server started at ::1:4000
 {"metadata":{"emulator":{"name":"ui"},"message":"Web / API server started at ::1:4000\n"}}
[info] i  functions: Watching "C:\Users\User\ReactChallenges\AmazonClone\onlineshop\functions" for Cloud Functions... {"metadata":{"emulator":{"name":"functions"},"message":"Watching \"C:\\Users\\User\\ReactChallenges\\AmazonClone\\onlineshop\\functions\" for Cloud Functions..."}}
[debug] [2023-06-10T16:50:51.986Z] Validating nodejs source
[debug] [2023-06-10T16:50:58.223Z] > [functions] package.json contents: {
  "name": "functions",
  "description": "Cloud Functions for Firebase",
  "scripts": {
    "lint": "eslint .",
    "serve": "firebase emulators:start --only functions",
    "shell": "firebase functions:shell",
    "start": "npm run shell",
    "deploy": "firebase deploy --only functions",
    "logs": "firebase functions:log"
  },
  "engines": {
    "node": "18"
  },
  "main": "index.js",
  "dependencies": {
    "cors": "^2.8.5",
    "express": "^4.18.2",
    "firebase-admin": "^11.8.0",
    "firebase-functions": "^4.4.0",
    "firebase-tools": "^12.3.1",
    "stripe": "^12.9.0"
  },
  "devDependencies": {
    "eslint": "^8.15.0",
    "eslint-config-google": "^0.14.0",
    "firebase-functions-test": "^3.1.0"
  },
  "private": true
}
[debug] [2023-06-10T16:50:58.224Z] Building nodejs source
[debug] [2023-06-10T16:50:58.224Z] Failed to find version of module node: reached end of search path C:\Users\User\ReactChallenges\AmazonClone\onlineshop\functions\node_modules
[info] +  functions: Using node@18 from host. 
[debug] [2023-06-10T16:50:58.233Z] Could not find functions.yaml. Must use http discovery
[debug] [2023-06-10T16:50:58.253Z] Found firebase-functions binary at 'C:\Users\User\ReactChallenges\AmazonClone\onlineshop\functions\node_modules\.bin\firebase-functions'
[debug] [2023-06-10T16:51:02.586Z] Serving at port 8180

[debug] [2023-06-10T16:51:07.508Z] Got response from /__/functions.yaml Failed to generate manifest from function source: ReferenceError: functions is not defined
[debug] [2023-06-10T16:51:07.515Z] Failed to parse functions.yaml incomplete explicit mapping pair; a key node is missed; or followed by a non-tabulated empty line at line 1, column 65:
     ...  function source: ReferenceError: functions is not defined
                                         ^ {"name":"YAMLException","reason":"incomplete explicit mapping pair; a key node is missed; or followed by a non-tabulated empty line","mark":{"name":null,"buffer":"Failed to generate manifest from function source: ReferenceError: functions is not defined\n\u0000","position":64,"line":0,"column":64},"message":"incomplete explicit mapping pair; a key node is missed; or followed by a non-tabulated empty line at line 1, column 65:\n     ...  function source: ReferenceError: functions is not defined\n                                         ^"}
[debug] [2023-06-10T16:51:07.524Z] shutdown requested via /__/quitquitquit

[error] !!  functions: Failed to load function definition from source: FirebaseError: Failed to load function definition from source: Failed to generate manifest from function source: ReferenceError: functions is not defined {"metadata":{"emulator":{"name":"functions"},"message":"Failed to load function definition from source: FirebaseError: Failed to load function definition from source: Failed to generate manifest from function source: ReferenceError: functions is not defined"}}
[info] 
┌─────────────────────────────────────────────────────────────┐
│ ✔  All emulators ready! It is now safe to connect your app. │
│ i  View Emulator UI at http://127.0.0.1:4000/               │
└─────────────────────────────────────────────────────────────┘

┌───────────┬────────────────┬─────────────────────────────────┐
│ Emulator  │ Host:Port      │ View in Emulator UI             │
├───────────┼────────────────┼─────────────────────────────────┤
│ Functions │ 127.0.0.1:5001 │ http://127.0.0.1:4000/functions │
└───────────┴────────────────┴─────────────────────────────────┘
  Emulator Hub running at 127.0.0.1:4400
  Other reserved ports: 4500

Issues? Report them at https://github.com/firebase/firebase-tools/issues and attach the *-debug.log files.
 
[debug] [2023-06-10T16:52:15.141Z] [work-queue] {"queuedWork":["/e-commercesite-12cac/us-central1/api/checkout/create-2023-06-10T16:52:15.140Z"],"queueLength":1,"runningWork":[],"workRunningCount":0}
[debug] [2023-06-10T16:52:15.141Z] [work-queue] {"queuedWork":[],"queueLength":0,"runningWork":["/e-commercesite-12cac/us-central1/api/checkout/create-2023-06-10T16:52:15.140Z"],"workRunningCount":1}
[debug] [2023-06-10T16:52:15.149Z] [work-queue] {"queuedWork":[],"queueLength":0,"runningWork":[],"workRunningCount":0}
[debug] [2023-06-10T16:52:15.154Z] [work-queue] {"queuedWork":["/e-commercesite-12cac/us-central1/api/checkout/create-2023-06-10T16:52:15.154Z"],"queueLength":1,"runningWork":[],"workRunningCount":0}
[debug] [2023-06-10T16:52:15.154Z] [work-queue] {"queuedWork":[],"queueLength":0,"runningWork":["/e-commercesite-12cac/us-central1/api/checkout/create-2023-06-10T16:52:15.154Z"],"workRunningCount":1}
[debug] [2023-06-10T16:52:15.155Z] [work-queue] {"queuedWork":[],"queueLength":0,"runningWork":[],"workRunningCount":0}
[debug] [2023-06-10T16:52:46.247Z] [work-queue] {"queuedWork":["/e-commercesite-12cac/us-central1/api/checkout/create-2023-06-10T16:52:46.247Z"],"queueLength":1,"runningWork":[],"workRunningCount":0}
[debug] [2023-06-10T16:52:46.248Z] [work-queue] {"queuedWork":[],"queueLength":0,"runningWork":["/e-commercesite-12cac/us-central1/api/checkout/create-2023-06-10T16:52:46.247Z"],"workRunningCount":1}
[debug] [2023-06-10T16:52:46.250Z] [work-queue] {"queuedWork":[],"queueLength":0,"runningWork":[],"workRunningCount":0}
[debug] [2023-06-10T16:52:46.258Z] [work-queue] {"queuedWork":["/e-commercesite-12cac/us-central1/api/checkout/create-2023-06-10T16:52:46.257Z"],"queueLength":1,"runningWork":[],"workRunningCount":0}
[debug] [2023-06-10T16:52:46.259Z] [work-queue] {"queuedWork":[],"queueLength":0,"runningWork":["/e-commercesite-12cac/us-central1/api/checkout/create-2023-06-10T16:52:46.257Z"],"workRunningCount":1}
[debug] [2023-06-10T16:52:46.261Z] [work-queue] {"queuedWork":[],"queueLength":0,"runningWork":[],"workRunningCount":0}
[debug] [2023-06-10T17:05:51.064Z] [work-queue] {"queuedWork":["/e-commercesite-12cac/us-central1/api/checkout/create-2023-06-10T17:05:50.972Z"],"queueLength":1,"runningWork":[],"workRunningCount":0}
[debug] [2023-06-10T17:05:51.284Z] [work-queue] {"queuedWork":[],"queueLength":0,"runningWork":["/e-commercesite-12cac/us-central1/api/checkout/create-2023-06-10T17:05:50.972Z"],"workRunningCount":1}
[debug] [2023-06-10T17:05:51.557Z] [work-queue] {"queuedWork":[],"queueLength":0,"runningWork":[],"workRunningCount":0}
[debug] [2023-06-10T17:05:53.197Z] [work-queue] {"queuedWork":["/e-commercesite-12cac/us-central1/api/checkout/create-2023-06-10T17:05:53.197Z"],"queueLength":1,"runningWork":[],"workRunningCount":0}
[debug] [2023-06-10T17:05:53.197Z] [work-queue] {"queuedWork":[],"queueLength":0,"runningWork":["/e-commercesite-12cac/us-central1/api/checkout/create-2023-06-10T17:05:53.197Z"],"workRunningCount":1}
[debug] [2023-06-10T17:05:53.252Z] [work-queue] {"queuedWork":[],"queueLength":0,"runningWork":[],"workRunningCount":0}
[debug] [2023-06-10T17:05:53.255Z] [work-queue] {"queuedWork":["/e-commercesite-12cac/us-central1/api/checkout/create-2023-06-10T17:05:53.255Z"],"queueLength":1,"runningWork":[],"workRunningCount":0}
[debug] [2023-06-10T17:05:53.256Z] [work-queue] {"queuedWork":[],"queueLength":0,"runningWork":["/e-commercesite-12cac/us-central1/api/checkout/create-2023-06-10T17:05:53.255Z"],"workRunningCount":1}
[debug] [2023-06-10T17:05:53.308Z] [work-queue] {"queuedWork":[],"queueLength":0,"runningWork":[],"workRunningCount":0}
[debug] [2023-06-10T17:06:02.435Z] [work-queue] {"queuedWork":["/e-commercesite-12cac/us-central1/api/checkout/create-2023-06-10T17:06:02.435Z"],"queueLength":1,"runningWork":[],"workRunningCount":0}
[debug] [2023-06-10T17:06:02.463Z] [work-queue] {"queuedWork":[],"queueLength":0,"runningWork":["/e-commercesite-12cac/us-central1/api/checkout/create-2023-06-10T17:06:02.435Z"],"workRunningCount":1}
[debug] [2023-06-10T17:06:02.465Z] [work-queue] {"queuedWork":[],"queueLength":0,"runningWork":[],"workRunningCount":0}
[debug] [2023-06-10T17:06:02.528Z] [work-queue] {"queuedWork":["/e-commercesite-12cac/us-central1/api/checkout/create-2023-06-10T17:06:02.527Z"],"queueLength":1,"runningWork":[],"workRunningCount":0}
[debug] [2023-06-10T17:06:02.529Z] [work-queue] {"queuedWork":[],"queueLength":0,"runningWork":["/e-commercesite-12cac/us-central1/api/checkout/create-2023-06-10T17:06:02.527Z"],"workRunningCount":1}
[debug] [2023-06-10T17:06:02.553Z] [work-queue] {"queuedWork":[],"queueLength":0,"runningWork":[],"workRunningCount":0}
[debug] [2023-06-10T17:07:57.873Z] File C:\Users\User\ReactChallenges\AmazonClone\onlineshop\functions\index.js changed, reloading triggers {"metadata":{"emulator":{"name":"functions"},"message":"File C:\\Users\\User\\ReactChallenges\\AmazonClone\\onlineshop\\functions\\index.js changed, reloading triggers"}}
[debug] [2023-06-10T17:08:00.132Z] [work-queue] {"queuedWork":["/e-commercesite-12cac/us-central1/api/checkout/create-2023-06-10T17:08:00.130Z"],"queueLength":1,"runningWork":[],"workRunningCount":0}
[debug] [2023-06-10T17:08:00.132Z] [work-queue] {"queuedWork":[],"queueLength":0,"runningWork":["/e-commercesite-12cac/us-central1/api/checkout/create-2023-06-10T17:08:00.130Z"],"workRunningCount":1}
[debug] [2023-06-10T17:08:00.135Z] [work-queue] {"queuedWork":[],"queueLength":0,"runningWork":[],"workRunningCount":0}
[debug] [2023-06-10T17:08:00.154Z] [work-queue] {"queuedWork":["/e-commercesite-12cac/us-central1/api/checkout/create-2023-06-10T17:08:00.154Z"],"queueLength":1,"runningWork":[],"workRunningCount":0}
[debug] [2023-06-10T17:08:01.159Z] [work-queue] {"queuedWork":[],"queueLength":0,"runningWork":["/e-commercesite-12cac/us-central1/api/checkout/create-2023-06-10T17:08:00.154Z"],"workRunningCount":1}
[debug] [2023-06-10T17:08:01.165Z] [work-queue] {"queuedWork":[],"queueLength":0,"runningWork":[],"workRunningCount":0}
[debug] [2023-06-10T17:08:01.518Z] Validating nodejs source
[debug] [2023-06-10T17:08:14.349Z] checkFunctionsSDKVersion was unable to fetch information from NPM Error: spawnSync C:\WINDOWS\system32\cmd.exe ETIMEDOUT
    at Object.spawnSync (node:internal/child_process:1110:20)
    at Object.spawnSync (node:child_process:871:24)
    at Function.spawnSync [as sync] (C:\Users\User\AppData\Roaming\npm\node_modules\firebase-tools\node_modules\cross-spawn\index.js:26:23)
    at Object.getLatestSDKVersion (C:\Users\User\AppData\Roaming\npm\node_modules\firebase-tools\lib\deploy\functions\runtimes\node\versioning.js:55:25)
    at Object.checkFunctionsSDKVersion (C:\Users\User\AppData\Roaming\npm\node_modules\firebase-tools\lib\deploy\functions\runtimes\node\versioning.js:76:32)
    at Delegate.validate (C:\Users\User\AppData\Roaming\npm\node_modules\firebase-tools\lib\deploy\functions\runtimes\node\index.js:84:20)
    at FunctionsEmulator.discoverTriggers (C:\Users\User\AppData\Roaming\npm\node_modules\firebase-tools\lib\emulator\functionsEmulator.js:297:35)
    at async FunctionsEmulator.loadTriggers (C:\Users\User\AppData\Roaming\npm\node_modules\firebase-tools\lib\emulator\functionsEmulator.js:326:34)
[debug] [2023-06-10T17:08:14.553Z] > [functions] package.json contents: {
  "name": "functions",
  "description": "Cloud Functions for Firebase",
  "scripts": {
    "lint": "eslint .",
    "serve": "firebase emulators:start --only functions",
    "shell": "firebase functions:shell",
    "start": "npm run shell",
    "deploy": "firebase deploy --only functions",
    "logs": "firebase functions:log"
  },
  "engines": {
    "node": "18"
  },
  "main": "index.js",
  "dependencies": {
    "cors": "^2.8.5",
    "express": "^4.18.2",
    "firebase-admin": "^11.8.0",
    "firebase-functions": "^4.4.0",
    "firebase-tools": "^12.3.1",
    "stripe": "^12.9.0"
  },
  "devDependencies": {
    "eslint": "^8.15.0",
    "eslint-config-google": "^0.14.0",
    "firebase-functions-test": "^3.1.0"
  },
  "private": true
}
[debug] [2023-06-10T17:08:14.554Z] Building nodejs source
[debug] [2023-06-10T17:08:14.586Z] Failed to find version of module node: reached end of search path C:\Users\User\ReactChallenges\AmazonClone\onlineshop\functions\node_modules
[info] +  functions: Using node@18 from host. 
[debug] [2023-06-10T17:08:15.400Z] File C:\Users\User\ReactChallenges\AmazonClone\onlineshop\functions\index.js changed, reloading triggers {"metadata":{"emulator":{"name":"functions"},"message":"File C:\\Users\\User\\ReactChallenges\\AmazonClone\\onlineshop\\functions\\index.js changed, reloading triggers"}}
[debug] [2023-06-10T17:08:15.421Z] Could not find functions.yaml. Must use http discovery
[debug] [2023-06-10T17:08:16.559Z] Found firebase-functions binary at 'C:\Users\User\ReactChallenges\AmazonClone\onlineshop\functions\node_modules\.bin\firebase-functions'
[debug] [2023-06-10T17:08:17.227Z] Validating nodejs source
[debug] [2023-06-10T17:08:27.427Z] checkFunctionsSDKVersion was unable to fetch information from NPM Error: spawnSync C:\WINDOWS\system32\cmd.exe ETIMEDOUT
    at Object.spawnSync (node:internal/child_process:1110:20)
    at Object.spawnSync (node:child_process:871:24)
    at Function.spawnSync [as sync] (C:\Users\User\AppData\Roaming\npm\node_modules\firebase-tools\node_modules\cross-spawn\index.js:26:23)
    at Object.getLatestSDKVersion (C:\Users\User\AppData\Roaming\npm\node_modules\firebase-tools\lib\deploy\functions\runtimes\node\versioning.js:55:25)
    at Object.checkFunctionsSDKVersion (C:\Users\User\AppData\Roaming\npm\node_modules\firebase-tools\lib\deploy\functions\runtimes\node\versioning.js:76:32)
    at Delegate.validate (C:\Users\User\AppData\Roaming\npm\node_modules\firebase-tools\lib\deploy\functions\runtimes\node\index.js:84:20)
    at FunctionsEmulator.discoverTriggers (C:\Users\User\AppData\Roaming\npm\node_modules\firebase-tools\lib\emulator\functionsEmulator.js:297:35)
    at async FunctionsEmulator.loadTriggers (C:\Users\User\AppData\Roaming\npm\node_modules\firebase-tools\lib\emulator\functionsEmulator.js:326:34)
[debug] [2023-06-10T17:08:27.430Z] > [functions] package.json contents: {
  "name": "functions",
  "description": "Cloud Functions for Firebase",
  "scripts": {
    "lint": "eslint .",
    "serve": "firebase emulators:start --only functions",
    "shell": "firebase functions:shell",
    "start": "npm run shell",
    "deploy": "firebase deploy --only functions",
    "logs": "firebase functions:log"
  },
  "engines": {
    "node": "18"
  },
  "main": "index.js",
  "dependencies": {
    "cors": "^2.8.5",
    "express": "^4.18.2",
    "firebase-admin": "^11.8.0",
    "firebase-functions": "^4.4.0",
    "firebase-tools": "^12.3.1",
    "stripe": "^12.9.0"
  },
  "devDependencies": {
    "eslint": "^8.15.0",
    "eslint-config-google": "^0.14.0",
    "firebase-functions-test": "^3.1.0"
  },
  "private": true
}
[debug] [2023-06-10T17:08:27.431Z] Building nodejs source
[debug] [2023-06-10T17:08:27.431Z] Failed to find version of module node: reached end of search path C:\Users\User\ReactChallenges\AmazonClone\onlineshop\functions\node_modules
[info] +  functions: Using node@18 from host. 
[debug] [2023-06-10T17:08:27.882Z] Could not find functions.yaml. Must use http discovery
[debug] [2023-06-10T17:08:27.910Z] Found firebase-functions binary at 'C:\Users\User\ReactChallenges\AmazonClone\onlineshop\functions\node_modules\.bin\firebase-functions'
[error] !!  functions: Failed to load function definition from source: FetchError: request to http://localhost:8745/__/quitquitquit failed, reason: connect ECONNREFUSED ::1:8745 {"metadata":{"emulator":{"name":"functions"},"message":"Failed to load function definition from source: FetchError: request to http://localhost:8745/__/quitquitquit failed, reason: connect ECONNREFUSED ::1:8745"}}
[debug] [2023-06-10T17:08:35.974Z] Serving at port 8695

[debug] [2023-06-10T17:08:35.976Z] Serving at port 8745

[debug] [2023-06-10T17:08:57.548Z] shutdown requested via /__/quitquitquit

[error] !!  functions: Failed to load function definition from source: FirebaseError: User code failed to load. Cannot determine backend specification {"metadata":{"emulator":{"name":"functions"},"message":"Failed to load function definition from source: FirebaseError: User code failed to load. Cannot determine backend specification"}}
[debug] [2023-06-10T17:09:22.462Z] File C:\Users\User\ReactChallenges\AmazonClone\onlineshop\functions\index.js changed, reloading triggers {"metadata":{"emulator":{"name":"functions"},"message":"File C:\\Users\\User\\ReactChallenges\\AmazonClone\\onlineshop\\functions\\index.js changed, reloading triggers"}}
[debug] [2023-06-10T17:09:23.476Z] Validating nodejs source
[debug] [2023-06-10T17:09:33.548Z] checkFunctionsSDKVersion was unable to fetch information from NPM Error: spawnSync C:\WINDOWS\system32\cmd.exe ETIMEDOUT
    at Object.spawnSync (node:internal/child_process:1110:20)
    at Object.spawnSync (node:child_process:871:24)
    at Function.spawnSync [as sync] (C:\Users\User\AppData\Roaming\npm\node_modules\firebase-tools\node_modules\cross-spawn\index.js:26:23)
    at Object.getLatestSDKVersion (C:\Users\User\AppData\Roaming\npm\node_modules\firebase-tools\lib\deploy\functions\runtimes\node\versioning.js:55:25)
    at Object.checkFunctionsSDKVersion (C:\Users\User\AppData\Roaming\npm\node_modules\firebase-tools\lib\deploy\functions\runtimes\node\versioning.js:76:32)
    at Delegate.validate (C:\Users\User\AppData\Roaming\npm\node_modules\firebase-tools\lib\deploy\functions\runtimes\node\index.js:84:20)
    at FunctionsEmulator.discoverTriggers (C:\Users\User\AppData\Roaming\npm\node_modules\firebase-tools\lib\emulator\functionsEmulator.js:297:35)
    at async FunctionsEmulator.loadTriggers (C:\Users\User\AppData\Roaming\npm\node_modules\firebase-tools\lib\emulator\functionsEmulator.js:326:34)
[debug] [2023-06-10T17:09:33.551Z] > [functions] package.json contents: {
  "name": "functions",
  "description": "Cloud Functions for Firebase",
  "scripts": {
    "lint": "eslint .",
    "serve": "firebase emulators:start --only functions",
    "shell": "firebase functions:shell",
    "start": "npm run shell",
    "deploy": "firebase deploy --only functions",
    "logs": "firebase functions:log"
  },
  "engines": {
    "node": "18"
  },
  "main": "index.js",
  "dependencies": {
    "cors": "^2.8.5",
    "express": "^4.18.2",
    "firebase-admin": "^11.8.0",
    "firebase-functions": "^4.4.0",
    "firebase-tools": "^12.3.1",
    "stripe": "^12.9.0"
  },
  "devDependencies": {
    "eslint": "^8.15.0",
    "eslint-config-google": "^0.14.0",
    "firebase-functions-test": "^3.1.0"
  },
  "private": true
}
[debug] [2023-06-10T17:09:33.551Z] Building nodejs source
[debug] [2023-06-10T17:09:33.552Z] Failed to find version of module node: reached end of search path C:\Users\User\ReactChallenges\AmazonClone\onlineshop\functions\node_modules
[info] +  functions: Using node@18 from host. 
[debug] [2023-06-10T17:09:33.565Z] Could not find functions.yaml. Must use http discovery
[debug] [2023-06-10T17:09:33.652Z] Found firebase-functions binary at 'C:\Users\User\ReactChallenges\AmazonClone\onlineshop\functions\node_modules\.bin\firebase-functions'
[debug] [2023-06-10T17:09:35.869Z] [work-queue] {"queuedWork":["/e-commercesite-12cac/us-central1/api/checkout/create-2023-06-10T17:09:35.869Z"],"queueLength":1,"runningWork":[],"workRunningCount":0}
[debug] [2023-06-10T17:09:35.870Z] [work-queue] {"queuedWork":[],"queueLength":0,"runningWork":["/e-commercesite-12cac/us-central1/api/checkout/create-2023-06-10T17:09:35.869Z"],"workRunningCount":1}
[debug] [2023-06-10T17:09:35.932Z] [work-queue] {"queuedWork":[],"queueLength":0,"runningWork":[],"workRunningCount":0}
[debug] [2023-06-10T17:09:36.239Z] [work-queue] {"queuedWork":["/e-commercesite-12cac/us-central1/api/checkout/create-2023-06-10T17:09:36.239Z"],"queueLength":1,"runningWork":[],"workRunningCount":0}
[debug] [2023-06-10T17:09:36.239Z] [work-queue] {"queuedWork":[],"queueLength":0,"runningWork":["/e-commercesite-12cac/us-central1/api/checkout/create-2023-06-10T17:09:36.239Z"],"workRunningCount":1}
[debug] [2023-06-10T17:09:36.240Z] [work-queue] {"queuedWork":[],"queueLength":0,"runningWork":[],"workRunningCount":0}
[debug] [2023-06-10T17:09:38.042Z] Serving at port 8727

[debug] [2023-06-10T17:09:40.514Z] Got response from /__/functions.yaml Failed to generate manifest from function source: ReferenceError: functions is not defined
[debug] [2023-06-10T17:09:40.557Z] Failed to parse functions.yaml incomplete explicit mapping pair; a key node is missed; or followed by a non-tabulated empty line at line 1, column 65:
     ...  function source: ReferenceError: functions is not defined
                                         ^ {"name":"YAMLException","reason":"incomplete explicit mapping pair; a key node is missed; or followed by a non-tabulated empty line","mark":{"name":null,"buffer":"Failed to generate manifest from function source: ReferenceError: functions is not defined\n\u0000","position":64,"line":0,"column":64},"message":"incomplete explicit mapping pair; a key node is missed; or followed by a non-tabulated empty line at line 1, column 65:\n     ...  function source: ReferenceError: functions is not defined\n                                         ^"}
[debug] [2023-06-10T17:09:40.566Z] shutdown requested via /__/quitquitquit

[error] !!  functions: Failed to load function definition from source: FirebaseError: Failed to load function definition from source: Failed to generate manifest from function source: ReferenceError: functions is not defined {"metadata":{"emulator":{"name":"functions"},"message":"Failed to load function definition from source: FirebaseError: Failed to load function definition from source: Failed to generate manifest from function source: ReferenceError: functions is not defined"}}
[debug] [2023-06-10T17:09:44.540Z] [work-queue] {"queuedWork":["/e-commercesite-12cac/us-central1/api/checkout/create-2023-06-10T17:09:44.540Z"],"queueLength":1,"runningWork":[],"workRunningCount":0}
[debug] [2023-06-10T17:09:44.541Z] [work-queue] {"queuedWork":[],"queueLength":0,"runningWork":["/e-commercesite-12cac/us-central1/api/checkout/create-2023-06-10T17:09:44.540Z"],"workRunningCount":1}
[debug] [2023-06-10T17:09:44.542Z] [work-queue] {"queuedWork":[],"queueLength":0,"runningWork":[],"workRunningCount":0}
[debug] [2023-06-10T17:09:44.570Z] [work-queue] {"queuedWork":["/e-commercesite-12cac/us-central1/api/checkout/create-2023-06-10T17:09:44.570Z"],"queueLength":1,"runningWork":[],"workRunningCount":0}
[debug] [2023-06-10T17:09:44.571Z] [work-queue] {"queuedWork":[],"queueLength":0,"runningWork":["/e-commercesite-12cac/us-central1/api/checkout/create-2023-06-10T17:09:44.570Z"],"workRunningCount":1}
[debug] [2023-06-10T17:09:44.572Z] [work-queue] {"queuedWork":[],"queueLength":0,"runningWork":[],"workRunningCount":0}
[debug] [2023-06-10T17:15:37.303Z] [work-queue] {"queuedWork":["/e-commercesite-12cac/us-central1/api/checkout/create-2023-06-10T17:15:37.155Z"],"queueLength":1,"runningWork":[],"workRunningCount":0}
[debug] [2023-06-10T17:15:37.480Z] [work-queue] {"queuedWork":[],"queueLength":0,"runningWork":["/e-commercesite-12cac/us-central1/api/checkout/create-2023-06-10T17:15:37.155Z"],"workRunningCount":1}
[debug] [2023-06-10T17:15:37.612Z] [work-queue] {"queuedWork":[],"queueLength":0,"runningWork":[],"workRunningCount":0}
[debug] [2023-06-10T17:27:09.370Z] [work-queue] {"queuedWork":["/e-commercesite-12cac/us-central1/api/checkout/create-2023-06-10T17:27:09.367Z"],"queueLength":1,"runningWork":[],"workRunningCount":0}
[debug] [2023-06-10T17:27:09.503Z] [work-queue] {"queuedWork":[],"queueLength":0,"runningWork":["/e-commercesite-12cac/us-central1/api/checkout/create-2023-06-10T17:27:09.367Z"],"workRunningCount":1}
[debug] [2023-06-10T17:27:09.631Z] [work-queue] {"queuedWork":[],"queueLength":0,"runningWork":[],"workRunningCount":0}
[debug] [2023-06-10T17:27:09.662Z] [work-queue] {"queuedWork":["/e-commercesite-12cac/us-central1/api/checkout/create-2023-06-10T17:27:09.662Z"],"queueLength":1,"runningWork":[],"workRunningCount":0}
[debug] [2023-06-10T17:27:09.662Z] [work-queue] {"queuedWork":[],"queueLength":0,"runningWork":["/e-commercesite-12cac/us-central1/api/checkout/create-2023-06-10T17:27:09.662Z"],"workRunningCount":1}
[debug] [2023-06-10T17:27:09.665Z] [work-queue] {"queuedWork":[],"queueLength":0,"runningWork":[],"workRunningCount":0}
[debug] [2023-06-10T17:27:45.125Z] [work-queue] {"queuedWork":["/e-commercesite-12cac/us-central1/api/checkout/create-2023-06-10T17:27:45.125Z"],"queueLength":1,"runningWork":[],"workRunningCount":0}
[debug] [2023-06-10T17:27:45.126Z] [work-queue] {"queuedWork":[],"queueLength":0,"runningWork":["/e-commercesite-12cac/us-central1/api/checkout/create-2023-06-10T17:27:45.125Z"],"workRunningCount":1}
[debug] [2023-06-10T17:27:45.750Z] [work-queue] {"queuedWork":[],"queueLength":0,"runningWork":[],"workRunningCount":0}
[debug] [2023-06-10T17:27:45.774Z] [work-queue] {"queuedWork":["/e-commercesite-12cac/us-central1/api/checkout/create-2023-06-10T17:27:45.774Z"],"queueLength":1,"runningWork":[],"workRunningCount":0}
[debug] [2023-06-10T17:27:45.795Z] [work-queue] {"queuedWork":[],"queueLength":0,"runningWork":["/e-commercesite-12cac/us-central1/api/checkout/create-2023-06-10T17:27:45.774Z"],"workRunningCount":1}
[debug] [2023-06-10T17:27:45.796Z] [work-queue] {"queuedWork":[],"queueLength":0,"runningWork":[],"workRunningCount":0}
[debug] [2023-06-10T18:04:38.795Z] [work-queue] {"queuedWork":["/e-commercesite-12cac/us-central1/api/checkout/create-2023-06-10T18:04:38.795Z"],"queueLength":1,"runningWork":[],"workRunningCount":0}
[debug] [2023-06-10T18:04:38.797Z] [work-queue] {"queuedWork":[],"queueLength":0,"runningWork":["/e-commercesite-12cac/us-central1/api/checkout/create-2023-06-10T18:04:38.795Z"],"workRunningCount":1}
[debug] [2023-06-10T18:04:39.156Z] [work-queue] {"queuedWork":[],"queueLength":0,"runningWork":[],"workRunningCount":0}
[debug] [2023-06-10T18:04:39.163Z] [work-queue] {"queuedWork":["/e-commercesite-12cac/us-central1/api/checkout/create-2023-06-10T18:04:39.163Z"],"queueLength":1,"runningWork":[],"workRunningCount":0}
[debug] [2023-06-10T18:04:39.164Z] [work-queue] {"queuedWork":[],"queueLength":0,"runningWork":["/e-commercesite-12cac/us-central1/api/checkout/create-2023-06-10T18:04:39.163Z"],"workRunningCount":1}
[debug] [2023-06-10T18:04:39.166Z] [work-queue] {"queuedWork":[],"queueLength":0,"runningWork":[],"workRunningCount":0}
[debug] [2023-06-10T18:10:09.060Z] [work-queue] {"queuedWork":["/e-commercesite-12cac/us-central1/api/checkout/create-2023-06-10T18:10:09.060Z"],"queueLength":1,"runningWork":[],"workRunningCount":0}
[debug] [2023-06-10T18:10:09.063Z] [work-queue] {"queuedWork":[],"queueLength":0,"runningWork":["/e-commercesite-12cac/us-central1/api/checkout/create-2023-06-10T18:10:09.060Z"],"workRunningCount":1}
[debug] [2023-06-10T18:10:09.067Z] [work-queue] {"queuedWork":[],"queueLength":0,"runningWork":[],"workRunningCount":0}
[debug] [2023-06-10T18:15:48.095Z] Received signal SIGHUP 1
